D 08:44:01.4265753 NetCache.OnProfileNotices() sending [NetCache+ProfileNoticeMercenariesSeasonRoll: NoticeID=33969076253, Type=MERCENARIES_SEASON_ROLL, Origin=NOTICE_ORIGIN_MERCENARIES, OriginData=1, Date=132831407860000000] to 8 listeners
D 08:44:01.4265753 NetCache.OnProfileNotices() sending [NetCache+ProfileNoticeMercenariesSeasonRoll: NoticeID=34048831195, Type=MERCENARIES_SEASON_ROLL, Origin=NOTICE_ORIGIN_MERCENARIES, OriginData=2, Date=132854406620000000] to 8 listeners
D 08:44:01.4265753 NetCache.OnProfileNotices() sending [NetCache+ProfileNoticeMercenariesSeasonRoll: NoticeID=38120108143, Type=MERCENARIES_SEASON_ROLL, Origin=NOTICE_ORIGIN_MERCENARIES, OriginData=52, Date=134168026970000000] to 8 listeners
D 08:44:01.4265753 NetCache.OnProfileNotices() sending [NetCache+ProfileNoticeMercenariesSeasonRoll: NoticeID=34137009542, Type=MERCENARIES_SEASON_ROLL, Origin=NOTICE_ORIGIN_MERCENARIES, OriginData=3, Date=132881634260000000] to 8 listeners
D 08:44:01.4265753 NetCache.OnProfileNotices() sending [NetCache+ProfileNoticeMercenariesSeasonRoll: NoticeID=34243602657, Type=MERCENARIES_SEASON_ROLL, Origin=NOTICE_ORIGIN_MERCENARIES, OriginData=4, Date=132909212540000000] to 8 listeners
D 08:44:01.4265753 NetCache.OnProfileNotices() sending [NetCache+ProfileNoticeMercenariesSeasonRoll: NoticeID=34557386019, Type=MERCENARIES_SEASON_ROLL, Origin=NOTICE_ORIGIN_MERCENARIES, OriginData=5, Date=132977081460000000] to 8 listeners
D 08:44:01.4265753 NetCache.OnProfileNotices() sending [NetCache+ProfileNoticeMercenariesSeasonRoll: NoticeID=34893150866, Type=MERCENARIES_SEASON_ROLL, Origin=NOTICE_ORIGIN_MERCENARIES, OriginData=7, Date=133039639880000000] to 8 listeners
D 08:44:01.4265753 NetCache.OnProfileNotices() sending [NetCache+ProfileNoticeMercenariesSeasonRoll: NoticeID=35347062603, Type=MERCENARIES_SEASON_ROLL, Origin=NOTICE_ORIGIN_MERCENARIES, OriginData=10, Date=133716932560000000] to 8 listeners
D 08:44:01.4265753 NetCache.OnProfileNotices() sending [NetCache+ProfileNoticeMercenariesSeasonRoll: NoticeID=35663520002, Type=MERCENARIES_SEASON_ROLL, Origin=NOTICE_ORIGIN_MERCENARIES, OriginData=35, Date=133722320050000000] to 8 listeners
D 08:44:01.4265753 NetCache.OnProfileNotices() sending [NetCache+ProfileNoticeMercenariesSeasonRoll: NoticeID=36279699295, Type=MERCENARIES_SEASON_ROLL, Origin=NOTICE_ORIGIN_MERCENARIES, OriginData=36, Date=133748715120000000] to 8 listeners
D 08:44:01.4265753 NetCache.OnProfileNotices() sending [NetCache+ProfileNoticeMercenariesSeasonRoll: NoticeID=36582889981, Type=MERCENARIES_SEASON_ROLL, Origin=NOTICE_ORIGIN_MERCENARIES, OriginData=37, Date=133774756680000000] to 8 listeners
D 08:44:01.4265753 NetCache.OnProfileNotices() sending [NetCache+ProfileNoticeMercenariesSeasonRoll: NoticeID=36765830207, Type=MERCENARIES_SEASON_ROLL, Origin=NOTICE_ORIGIN_MERCENARIES, OriginData=38, Date=133802555830000000] to 8 listeners
D 08:44:01.4265753 NetCache.OnProfileNotices() sending [NetCache+ProfileNoticeMercenariesSeasonRoll: NoticeID=36898984405, Type=MERCENARIES_SEASON_ROLL, Origin=NOTICE_ORIGIN_MERCENARIES, OriginData=39, Date=133828492670000000] to 8 listeners
D 08:44:01.4265753 NetCache.OnProfileNotices() sending [NetCache+ProfileNoticeMercenariesSeasonRoll: NoticeID=37008208633, Type=MERCENARIES_SEASON_ROLL, Origin=NOTICE_ORIGIN_MERCENARIES, OriginData=40, Date=133852723860000000] to 8 listeners
D 08:44:01.4265753 NetCache.OnProfileNotices() sending [NetCache+ProfileNoticeMercenariesSeasonRoll: NoticeID=37145650264, Type=MERCENARIES_SEASON_ROLL, Origin=NOTICE_ORIGIN_MERCENARIES, OriginData=41, Date=133879785490000000] to 8 listeners
D 08:44:01.4265753 NetCache.OnProfileNotices() sending [NetCache+ProfileNoticeMercenariesSeasonRoll: NoticeID=37238357781, Type=MERCENARIES_SEASON_ROLL, Origin=NOTICE_ORIGIN_MERCENARIES, OriginData=42, Date=133905324390000000] to 8 listeners
D 08:44:01.4265753 NetCache.OnProfileNotices() sending [NetCache+ProfileNoticeMercenariesSeasonRoll: NoticeID=37338888192, Type=MERCENARIES_SEASON_ROLL, Origin=NOTICE_ORIGIN_MERCENARIES, OriginData=43, Date=133932547750000000] to 8 listeners
D 08:44:01.4265753 NetCache.OnProfileNotices() sending [NetCache+ProfileNoticeMercenariesSeasonRoll: NoticeID=37443542720, Type=MERCENARIES_SEASON_ROLL, Origin=NOTICE_ORIGIN_MERCENARIES, OriginData=44, Date=133957982270000000] to 8 listeners
D 08:44:01.4265753 NetCache.OnProfileNotices() sending [NetCache+ProfileNoticeMercenariesSeasonRoll: NoticeID=37566842334, Type=MERCENARIES_SEASON_ROLL, Origin=NOTICE_ORIGIN_MERCENARIES, OriginData=45, Date=133984854610000000] to 8 listeners
D 08:44:01.4265753 NetCache.OnProfileNotices() sending [NetCache+ProfileNoticeMercenariesSeasonRoll: NoticeID=37749055861, Type=MERCENARIES_SEASON_ROLL, Origin=NOTICE_ORIGIN_MERCENARIES, OriginData=46, Date=134041258250000000] to 8 listeners
D 08:44:01.4265753 NetCache.OnProfileNotices() sending [NetCache+ProfileNoticeMercenariesSeasonRoll: NoticeID=37816312554, Type=MERCENARIES_SEASON_ROLL, Origin=NOTICE_ORIGIN_MERCENARIES, OriginData=48, Date=134064398150000000] to 8 listeners
D 08:44:01.4265753 NetCache.OnProfileNotices() sending [NetCache+ProfileNoticeMercenariesSeasonRoll: NoticeID=37920254788, Type=MERCENARIES_SEASON_ROLL, Origin=NOTICE_ORIGIN_MERCENARIES, OriginData=49, Date=134090245130000000] to 8 listeners
D 08:44:01.4265753 NetCache.OnProfileNotices() sending [NetCache+ProfileNoticeMercenariesSeasonRoll: NoticeID=37990078907, Type=MERCENARIES_SEASON_ROLL, Origin=NOTICE_ORIGIN_MERCENARIES, OriginData=50, Date=134117044390000000] to 8 listeners
D 08:44:01.4265753 NetCache.OnProfileNotices() sending [NetCache+ProfileNoticeMercenariesSeasonRoll: NoticeID=38058138288, Type=MERCENARIES_SEASON_ROLL, Origin=NOTICE_ORIGIN_MERCENARIES, OriginData=51, Date=134143861200000000] to 8 listeners
D 08:44:01.4265753 NetCache.OnProfileNotices() sending [NetCache+ProfileNoticeMercenariesSeasonRoll: NoticeID=38226707219, Type=MERCENARIES_SEASON_ROLL, Origin=NOTICE_ORIGIN_MERCENARIES, OriginData=53, Date=134194787650000000] to 8 listeners
D 08:44:01.4265753 NetCache.OnProfileNotices(): sending notices to AdventureProgressMgr::OnNewNotices
D 08:44:01.4265753 NetCache.OnProfileNotices(): sending notices to AchieveManager::OnNewNotices
D 08:44:01.4265753 NetCache.OnProfileNotices(): sending notices to GenericRewardChestNoticeManager::OnNewNotices
D 08:44:01.4265753 NetCache.OnProfileNotices(): sending notices to AccountLicenseMgr::OnNewNotices
D 08:44:01.4265753 NetCache.OnProfileNotices(): sending notices to FixedRewardsMgr::OnNewNotices
D 08:44:01.4265753 NetCache.OnProfileNotices(): sending notices to RewardPopups::OnNewNotices
D 08:44:01.4265753 PopupDisplayManager: adding 0 rewards to load total=0
D 08:44:01.4265753 NetCache.OnProfileNotices(): sending notices to RedundantNDERerollPopups::OnNewNotices
D 08:44:01.4265753 NetCache.OnProfileNotices(): sending notices to StoreManager::OnNewNotices
D 08:44:01.4265753 NetCache.OnProfileNotices(): sending notices to AdventureProgressMgr::OnNewNotices
D 08:44:01.4265753 NetCache.OnProfileNotices(): sending notices to AchieveManager::OnNewNotices
D 08:44:01.4265753 NetCache.OnProfileNotices(): sending notices to GenericRewardChestNoticeManager::OnNewNotices
D 08:44:01.4265753 NetCache.OnProfileNotices(): sending notices to AccountLicenseMgr::OnNewNotices
D 08:44:01.4265753 NetCache.OnProfileNotices(): sending notices to FixedRewardsMgr::OnNewNotices
D 08:44:01.4265753 NetCache.OnProfileNotices(): sending notices to RewardPopups::OnNewNotices
D 08:44:01.4265753 NetCache.OnProfileNotices(): sending notices to RedundantNDERerollPopups::OnNewNotices
D 08:44:01.4265753 NetCache.OnProfileNotices(): sending notices to StoreManager::OnNewNotices
D 08:45:10.5139903 AchieveManager.NotifyOfClick(): clickType BUTTON_PLAY
D 08:45:10.5139903 AchieveManager.NotifyOfClick(): skip disabled achieve 1009
D 08:45:10.5139903 AchieveManager.NotifyOfClick(): skip disabled achieve 2146
D 08:45:10.5139903 AchieveManager.NotifyOfClick(): skip disabled achieve 2147
D 08:45:10.5139903 AchieveManager.NotifyOfClick(): skip disabled achieve 2148
D 08:45:10.5139903 AchieveManager.NotifyOfClick(): skip disabled achieve 2149
D 08:45:10.5139903 AchieveManager.NotifyOfClick(): skip disabled achieve 2150
D 08:45:10.5139903 AchieveManager.NotifyOfClick(): skip disabled achieve 2162
D 08:45:10.5139903 AchieveManager.NotifyOfClick(): skip already completed achieve 2379
D 08:45:10.5139903 AchieveManager.NotifyOfClick(): skip already completed achieve 2443
D 08:45:10.5139903 AchieveManager.NotifyOfClick(): skip already completed achieve 2601
D 08:45:10.5139903 AchieveManager.NotifyOfClick(): skip already completed achieve 2743
D 08:45:10.5139903 AchieveManager.NotifyOfClick(): skip already completed achieve 2745
D 08:45:10.5139903 AchieveManager.NotifyOfClick(): skip already completed achieve 2957
D 08:45:10.5139903 AchieveManager.NotifyOfClick(): skip already completed achieve 3152
D 08:45:10.5139903 AchieveManager.NotifyOfClick(): skip already completed achieve 3291
D 08:45:10.5139903 AchieveManager.NotifyOfClick(): skip already completed achieve 3303
D 08:45:10.5139903 AchieveManager.NotifyOfClick(): skip disabled achieve 508
D 08:45:10.5139903 AchieveManager.NotifyOfClick(): skip disabled achieve 66
D 08:45:10.5139903 AchieveManager.NotifyOfClick(): skip disabled achieve 762
D 08:45:10.5139903 AchieveManager.NotifyOfClick(): skip disabled achieve 907
D 08:45:10.5139903 AchieveManager.NotifyOfClick(): skip already completed achieve 94
D 09:09:24.8462155 OnAchieveNotification PlayerID=23168179 ID=110 Complete=False New=False Remove=False Amount=1
D 09:09:24.8462155 OnAchievementNotification: Achievement=[Achievement: ID=110 Type=HIDDEN Name='天马驾驾驾！' MaxProgress=3 Progress=5159 AckProgress=3 IsActive=False DateGiven=130792060480000000 DateCompleted=130792073820000000 Description='获得三场胜利的特别奖励！
登录《魔兽世界》领取奖励！' Trigger=WIN CanAck=True]
D 09:09:24.8462155 OnAchieveNotification PlayerID=23168179 ID=218 Complete=False New=False Remove=False Amount=1
D 09:09:24.8462155 OnAchievementNotification: Achievement=[Achievement: ID=218 Type=HIDDEN Name='炉石飞毯' MaxProgress=100 Progress=4169 AckProgress=100 IsActive=False DateGiven=130792060480000000 DateCompleted=130854018130000000 Description='你在对战模式中赢得了100场胜利！
快登录《风暴英雄》领取奖励吧！' Trigger=WIN CanAck=True]
D 09:09:24.8462155 PopupDisplayManager: adding 0 rewards to load total=0
D 09:19:56.0317164 OnAchieveNotification PlayerID=23168179 ID=110 Complete=False New=False Remove=False Amount=1
D 09:19:56.0317164 OnAchievementNotification: Achievement=[Achievement: ID=110 Type=HIDDEN Name='天马驾驾驾！' MaxProgress=3 Progress=5160 AckProgress=3 IsActive=False DateGiven=130792060480000000 DateCompleted=130792073820000000 Description='获得三场胜利的特别奖励！
登录《魔兽世界》领取奖励！' Trigger=WIN CanAck=True]
D 09:19:56.0317164 OnAchieveNotification PlayerID=23168179 ID=218 Complete=False New=False Remove=False Amount=1
D 09:19:56.0317164 OnAchievementNotification: Achievement=[Achievement: ID=218 Type=HIDDEN Name='炉石飞毯' MaxProgress=100 Progress=4170 AckProgress=100 IsActive=False DateGiven=130792060480000000 DateCompleted=130854018130000000 Description='你在对战模式中赢得了100场胜利！
快登录《风暴英雄》领取奖励吧！' Trigger=WIN CanAck=True]
D 09:19:56.0317164 PopupDisplayManager: adding 0 rewards to load total=0
D 09:26:52.9151479 OnAchieveNotification PlayerID=23168179 ID=110 Complete=False New=False Remove=False Amount=1
D 09:26:52.9151479 OnAchievementNotification: Achievement=[Achievement: ID=110 Type=HIDDEN Name='天马驾驾驾！' MaxProgress=3 Progress=5161 AckProgress=3 IsActive=False DateGiven=130792060480000000 DateCompleted=130792073820000000 Description='获得三场胜利的特别奖励！
登录《魔兽世界》领取奖励！' Trigger=WIN CanAck=True]
D 09:26:52.9151479 OnAchieveNotification PlayerID=23168179 ID=218 Complete=False New=False Remove=False Amount=1
D 09:26:52.9151479 OnAchievementNotification: Achievement=[Achievement: ID=218 Type=HIDDEN Name='炉石飞毯' MaxProgress=100 Progress=4171 AckProgress=100 IsActive=False DateGiven=130792060480000000 DateCompleted=130854018130000000 Description='你在对战模式中赢得了100场胜利！
快登录《风暴英雄》领取奖励吧！' Trigger=WIN CanAck=True]
D 09:26:52.9151479 PopupDisplayManager: adding 0 rewards to load total=0
D 09:57:37.8616054 OnAchieveNotification PlayerID=23168179 ID=110 Complete=False New=False Remove=False Amount=1
D 09:57:37.8616054 OnAchievementNotification: Achievement=[Achievement: ID=110 Type=HIDDEN Name='天马驾驾驾！' MaxProgress=3 Progress=5162 AckProgress=3 IsActive=False DateGiven=130792060480000000 DateCompleted=130792073820000000 Description='获得三场胜利的特别奖励！
登录《魔兽世界》领取奖励！' Trigger=WIN CanAck=True]
D 09:57:37.8616054 OnAchieveNotification PlayerID=23168179 ID=218 Complete=False New=False Remove=False Amount=1
D 09:57:37.8616054 OnAchievementNotification: Achievement=[Achievement: ID=218 Type=HIDDEN Name='炉石飞毯' MaxProgress=100 Progress=4172 AckProgress=100 IsActive=False DateGiven=130792060480000000 DateCompleted=130854018130000000 Description='你在对战模式中赢得了100场胜利！
快登录《风暴英雄》领取奖励吧！' Trigger=WIN CanAck=True]
D 09:57:37.8616054 PopupDisplayManager: adding 0 rewards to load total=0
D 10:24:22.0640955 AchieveManager.NotifyOfClick(): clickType BUTTON_PLAY
D 10:24:22.0640955 AchieveManager.NotifyOfClick(): skip disabled achieve 1009
D 10:24:22.0640955 AchieveManager.NotifyOfClick(): skip disabled achieve 2146
D 10:24:22.0640955 AchieveManager.NotifyOfClick(): skip disabled achieve 2147
D 10:24:22.0640955 AchieveManager.NotifyOfClick(): skip disabled achieve 2148
D 10:24:22.0640955 AchieveManager.NotifyOfClick(): skip disabled achieve 2149
D 10:24:22.0640955 AchieveManager.NotifyOfClick(): skip disabled achieve 2150
D 10:24:22.0640955 AchieveManager.NotifyOfClick(): skip disabled achieve 2162
D 10:24:22.0640955 AchieveManager.NotifyOfClick(): skip already completed achieve 2379
D 10:24:22.0640955 AchieveManager.NotifyOfClick(): skip already completed achieve 2443
D 10:24:22.0640955 AchieveManager.NotifyOfClick(): skip already completed achieve 2601
D 10:24:22.0640955 AchieveManager.NotifyOfClick(): skip already completed achieve 2743
D 10:24:22.0640955 AchieveManager.NotifyOfClick(): skip already completed achieve 2745
D 10:24:22.0640955 AchieveManager.NotifyOfClick(): skip already completed achieve 2957
D 10:24:22.0640955 AchieveManager.NotifyOfClick(): skip already completed achieve 3152
D 10:24:22.0640955 AchieveManager.NotifyOfClick(): skip already completed achieve 3291
D 10:24:22.0640955 AchieveManager.NotifyOfClick(): skip already completed achieve 3303
D 10:24:22.0640955 AchieveManager.NotifyOfClick(): skip disabled achieve 508
D 10:24:22.0640955 AchieveManager.NotifyOfClick(): skip disabled achieve 66
D 10:24:22.0640955 AchieveManager.NotifyOfClick(): skip disabled achieve 762
D 10:24:22.0640955 AchieveManager.NotifyOfClick(): skip disabled achieve 907
D 10:24:22.0640955 AchieveManager.NotifyOfClick(): skip already completed achieve 94
D 10:35:19.0263359 OnAchieveNotification PlayerID=23168179 ID=110 Complete=False New=False Remove=False Amount=1
D 10:35:19.0263359 OnAchievementNotification: Achievement=[Achievement: ID=110 Type=HIDDEN Name='天马驾驾驾！' MaxProgress=3 Progress=5163 AckProgress=3 IsActive=False DateGiven=130792060480000000 DateCompleted=130792073820000000 Description='获得三场胜利的特别奖励！
登录《魔兽世界》领取奖励！' Trigger=WIN CanAck=True]
D 10:35:19.0263359 OnAchieveNotification PlayerID=23168179 ID=218 Complete=False New=False Remove=False Amount=1
D 10:35:19.0263359 OnAchievementNotification: Achievement=[Achievement: ID=218 Type=HIDDEN Name='炉石飞毯' MaxProgress=100 Progress=4173 AckProgress=100 IsActive=False DateGiven=130792060480000000 DateCompleted=130854018130000000 Description='你在对战模式中赢得了100场胜利！
快登录《风暴英雄》领取奖励吧！' Trigger=WIN CanAck=True]
D 10:35:19.0263359 PopupDisplayManager: adding 0 rewards to load total=0
