I 08:44:04.0299894 Deck Contents Received:
I 08:44:04.0299894 ### 圣契骑
I 08:44:04.0299894 # Deck ID: 9340703214
I 08:44:04.0299894 AAEBAaToAgb30AKd7ALM6wO4xQXWgAbSuQYM2McC2f4C/bgD67kD070E4tMEmY4G9ZUG7d8GkuAGnOgGn+gGAAA=
I 08:44:04.0299894 ### 龙战
I 08:44:04.0299894 # Deck ID: 9373637536
I 08:44:04.0299894 AAECAYwWAougBMODBw7j5gaq/Aar/AbohwfSlwe3rQePsQfQsgfssgeEvQe1wAeVwgebwgecwgcAAA==
I 08:44:04.0299894 ### 兆示k
I 08:44:04.0299894 # Deck ID: 9374067306
I 08:44:04.0299894 AAECAf7gBgqH9gTDgweCmAfSrgeosQfisQfQvwfqyQeb1AfO6gcK2OUGgf0Gl4IHupUH0JsHn54HkasHjr8HmsUH0MUHAAA=
I 08:44:04.0299894 ### 任务法
I 08:44:04.0299894 # Deck ID: 9375517405
I 08:44:04.0299894 AAECAc2xAgTDgwenmwfysgeT2gcNm/IGs4cH8ZEHsJsH+psH1Z0H0aYHy7YH+cMHhsQHksQHhuAHnIIIAAA=
I 08:45:07.5211895 Finished Editing Deck:
I 08:45:07.5211895 ### 龙战
I 08:45:07.5211895 # Deck ID: 9380525315
I 08:45:07.5211895 AAECAYwWAougBNCyBw7j5gaq/Aar/AbohwfSlwe3rQePsQfssgeEvQe1wAeVwgebwgecwgf5wwcAAA==
I 08:45:19.2938010 Finding Game With Deck:
I 08:45:19.2938010 ### 龙战
I 08:45:19.2938010 # Deck ID: 9380525315
I 08:45:19.2938010 AAECAYwWAougBNCyBw7j5gaq/Aar/AbohwfSlwe3rQePsQfssgeEvQe1wAeVwgebwgecwgf5wwcAAA==
I 08:49:54.6217098 Finished Editing Deck:
I 08:49:54.6217098 ### 兆灌贼
I 08:49:54.6217098 # Deck ID: 9380526524
I 08:49:54.6217098 AAECAfahBwzDgwfBlwfRnQfspQeGqAeHqAeIqAfHrgfQvweK1Aeb1AeI2QcJ958E94EHkIMHjK0H2a8HmrMHtMEHncUH1cUHAAA=
I 08:49:59.0975157 Finding Game With Deck:
I 08:49:59.0975157 ### 兆灌贼
I 08:49:59.0975157 # Deck ID: 9380526524
I 08:49:59.0975157 AAECAfahBwzDgwfBlwfRnQfspQeGqAeHqAeIqAfHrgfQvweK1Aeb1AeI2QcJ958E94EHkIMHjK0H2a8HmrMHtMEHncUH1cUHAAA=
I 09:09:43.7854311 Finding Game With Deck:
I 09:09:43.7854311 ### 兆灌贼
I 09:09:43.7854311 # Deck ID: 9380526524
I 09:09:43.7854311 AAECAfahBwzDgwfBlwfRnQfspQeGqAeHqAeIqAfHrgfQvweK1Aeb1AeI2QcJ958E94EHkIMHjK0H2a8HmrMHtMEHncUH1cUHAAA=
I 09:20:24.4943404 Finding Game With Deck:
I 09:20:24.4943404 ### 兆灌贼
I 09:20:24.4943404 # Deck ID: 9380526524
I 09:20:24.4943404 AAECAfahBwzDgwfBlwfRnQfspQeGqAeHqAeIqAfHrgfQvweK1Aeb1AeI2QcJ958E94EHkIMHjK0H2a8HmrMHtMEHncUH1cUHAAA=
I 09:27:10.5990373 Finding Game With Deck:
I 09:27:10.5990373 ### 兆灌贼
I 09:27:10.5990373 # Deck ID: 9380526524
I 09:27:10.5990373 AAECAfahBwzDgwfBlwfRnQfspQeGqAeHqAeIqAfHrgfQvweK1Aeb1AeI2QcJ958E94EHkIMHjK0H2a8HmrMHtMEHncUH1cUHAAA=
I 09:44:14.2121431 Finding Game With Deck:
I 09:44:14.2121431 ### 兆灌贼
I 09:44:14.2121431 # Deck ID: 9380526524
I 09:44:14.2121431 AAECAfahBwzDgwfBlwfRnQfspQeGqAeHqAeIqAfHrgfQvweK1Aeb1AeI2QcJ958E94EHkIMHjK0H2a8HmrMHtMEHncUH1cUHAAA=
I 10:05:12.3401118 Finding Game With Deck:
I 10:05:12.3401118 ### 兆灌贼
I 10:05:12.3401118 # Deck ID: 9380526524
I 10:05:12.3401118 AAECAfahBwzDgwfBlwfRnQfspQeGqAeHqAeIqAfHrgfQvweK1Aeb1AeI2QcJ958E94EHkIMHjK0H2a8HmrMHtMEHncUH1cUHAAA=
I 10:24:24.3333454 Finding Game With Deck:
I 10:24:24.3333454 ### 兆灌贼
I 10:24:24.3333454 # Deck ID: 9380526524
I 10:24:24.3333454 AAECAfahBwzDgwfBlwfRnQfspQeGqAeHqAeIqAfHrgfQvweK1Aeb1AeI2QcJ958E94EHkIMHjK0H2a8HmrMHtMEHncUH1cUHAAA=
I 10:35:34.7030985 Finding Game With Deck:
I 10:35:34.7030985 ### 兆灌贼
I 10:35:34.7030985 # Deck ID: 9380526524
I 10:35:34.7030985 AAECAfahBwzDgwfBlwfRnQfspQeGqAeHqAeIqAfHrgfQvweK1Aeb1AeI2QcJ958E94EHkIMHjK0H2a8HmrMHtMEHncUH1cUHAAA=
